<?xml version="1.0" encoding="UTF-8"?>
<testsuite name="test_svcs" tests="7" errors="0" skipped="0" failures="0" time="0.080">
  <testcase name="testBaseFunctional" classname="test_svcs" time="0.010" />
  <testcase name="testBasePerf" classname="test_svcs" time="0.008" />
  <testcase name="testReliability" classname="test_svcs" time="0.012" />
  <testcase name="testSecurity" classname="test_svcs" time="0.009" />
  <testcase name="testPerfSkip" classname="test_svcs" time="0.007" />
  <testcase name="testInteraction" classname="test_svcs" time="0.009" />
  <testcase name="testGrandparentVerify" classname="test_svcs" time="0.007" />
</testsuite>
