<?xml version="1.0" encoding="UTF-8"?>
<testsuite name="com.reqstool.regression.SVCsTest" tests="7" errors="0" skipped="1" failures="1" time="0.150">
  <testcase name="testBaseFunctional" classname="com.reqstool.regression.SVCsTest" time="0.010" />
  <testcase name="testBasePerf" classname="com.reqstool.regression.SVCsTest" time="0.008" />
  <testcase name="testReliability" classname="com.reqstool.regression.SVCsTest" time="0.012" />
  <testcase name="testSecurity" classname="com.reqstool.regression.SVCsTest" time="0.015">
    <failure message="AssertionError: Security validation failed" type="java.lang.AssertionError"><![CDATA[java.lang.AssertionError: Security validation failed
	at com.reqstool.regression.SVCsTest.testSecurity(SVCsTest.java:30)
]]></failure>
  </testcase>
  <testcase name="testPerfSkip" classname="com.reqstool.regression.SVCsTest" time="0.001">
    <skipped message="Performance benchmark environment unavailable" />
  </testcase>
  <testcase name="testInteraction" classname="com.reqstool.regression.SVCsTest" time="0.009" />
  <testcase name="testGrandparentVerify" classname="com.reqstool.regression.SVCsTest" time="0.007" />
</testsuite>
