<?xml version="1.0" encoding="UTF-8"?>
<testsuite name="test_svcs" tests="7" errors="0" skipped="1" failures="1" time="0.150">
  <testcase name="testBaseFunctional" classname="test_svcs" time="0.010" />
  <testcase name="testBasePerf" classname="test_svcs" time="0.008" />
  <testcase name="testReliability" classname="test_svcs" time="0.012" />
  <testcase name="testSecurity" classname="test_svcs" time="0.015">
    <failure message="AssertionError: expected false to be true" type="AssertionError"><![CDATA[AssertionError: expected false to be true
  at test_svcs.test.ts:30
]]></failure>
  </testcase>
  <testcase name="testPerfSkip" classname="test_svcs" time="0.001">
    <skipped message="benchmark environment unavailable" />
  </testcase>
  <testcase name="testInteraction" classname="test_svcs" time="0.009" />
  <testcase name="testGrandparentVerify" classname="test_svcs" time="0.007" />
</testsuite>
