<?xml version="1.0" encoding="UTF-8"?>
<testsuite name="test_svcs" tests="7" errors="0" skipped="1" failures="1" time="0.150">
  <testcase name="test_base_functional" classname="test_svcs" time="0.010" />
  <testcase name="test_base_perf" classname="test_svcs" time="0.008" />
  <testcase name="test_reliability" classname="test_svcs" time="0.012" />
  <testcase name="test_security" classname="test_svcs" time="0.015">
    <failure message="AssertionError: Security validation failed" type="AssertionError"><![CDATA[AssertionError: Security validation failed
  File "test_svcs.py", line 30, in test_security
    assert result.is_valid, "Security check did not pass"
]]></failure>
  </testcase>
  <testcase name="test_perf_skip" classname="test_svcs" time="0.001">
    <skipped message="Performance benchmark environment unavailable" />
  </testcase>
  <testcase name="test_interaction" classname="test_svcs" time="0.009" />
  <testcase name="test_grandparent_verify" classname="test_svcs" time="0.007" />
</testsuite>
